<?xml version="1.0" encoding="UTF-8"?>
<testsuite xmlns:xsi="http://www.w3.org/2001/XMLSchema-instance" xsi:noNamespaceSchemaLocation="https://maven.apache.org/surefire/maven-surefire-plugin/xsd/surefire-test-report.xsd" name="uni.local.AppTest" time="0.026" tests="1" errors="0" skipped="0" failures="0">
  <properties>
    <property name="java.specification.version" value="17"/>
    <property name="sun.jnu.encoding" value="UTF-8"/>
    <property name="java.class.path" value="/gitrepos/uni/courses/java/mtcg/target/test-classes:/gitrepos/uni/courses/java/mtcg/target/classes:/home/meow/.m2/repository/junit/junit/4.13.2/junit-4.13.2.jar:/home/meow/.m2/repository/org/hamcrest/hamcrest-core/1.3/hamcrest-core-1.3.jar:/home/meow/.m2/repository/org/projectlombok/lombok/1.18.22/lombok-1.18.22.jar:/home/meow/.m2/repository/org/mindrot/jbcrypt/0.4/jbcrypt-0.4.jar:/home/meow/.m2/repository/com/github/docker-java/docker-java/3.2.7/docker-java-3.2.7.jar:/home/meow/.m2/repository/com/github/docker-java/docker-java-core/3.2.7/docker-java-core-3.2.7.jar:/home/meow/.m2/repository/com/github/docker-java/docker-java-api/3.2.7/docker-java-api-3.2.7.jar:/home/meow/.m2/repository/com/fasterxml/jackson/core/jackson-annotations/2.10.3/jackson-annotations-2.10.3.jar:/home/meow/.m2/repository/com/github/docker-java/docker-java-transport/3.2.7/docker-java-transport-3.2.7.jar:/home/meow/.m2/repository/org/slf4j/slf4j-api/1.7.30/slf4j-api-1.7.30.jar:/home/meow/.m2/repository/commons-io/commons-io/2.6/commons-io-2.6.jar:/home/meow/.m2/repository/org/apache/commons/commons-compress/1.20/commons-compress-1.20.jar:/home/meow/.m2/repository/commons-lang/commons-lang/2.6/commons-lang-2.6.jar:/home/meow/.m2/repository/com/fasterxml/jackson/core/jackson-databind/2.10.3/jackson-databind-2.10.3.jar:/home/meow/.m2/repository/com/fasterxml/jackson/core/jackson-core/2.10.3/jackson-core-2.10.3.jar:/home/meow/.m2/repository/com/google/guava/guava/19.0/guava-19.0.jar:/home/meow/.m2/repository/org/bouncycastle/bcpkix-jdk15on/1.64/bcpkix-jdk15on-1.64.jar:/home/meow/.m2/repository/org/bouncycastle/bcprov-jdk15on/1.64/bcprov-jdk15on-1.64.jar:/home/meow/.m2/repository/com/github/docker-java/docker-java-transport-jersey/3.2.7/docker-java-transport-jersey-3.2.7.jar:/home/meow/.m2/repository/com/fasterxml/jackson/jaxrs/jackson-jaxrs-json-provider/2.10.3/jackson-jaxrs-json-provider-2.10.3.jar:/home/meow/.m2/repository/com/fasterxml/jackson/jaxrs/jackson-jaxrs-base/2.10.3/jackson-jaxrs-base-2.10.3.jar:/home/meow/.m2/repository/com/fasterxml/jackson/module/jackson-module-jaxb-annotations/2.10.3/jackson-module-jaxb-annotations-2.10.3.jar:/home/meow/.m2/repository/jakarta/xml/bind/jakarta.xml.bind-api/2.3.2/jakarta.xml.bind-api-2.3.2.jar:/home/meow/.m2/repository/jakarta/activation/jakarta.activation-api/1.2.1/jakarta.activation-api-1.2.1.jar:/home/meow/.m2/repository/org/glassfish/jersey/connectors/jersey-apache-connector/2.30.1/jersey-apache-connector-2.30.1.jar:/home/meow/.m2/repository/org/glassfish/jersey/core/jersey-common/2.30.1/jersey-common-2.30.1.jar:/home/meow/.m2/repository/jakarta/annotation/jakarta.annotation-api/1.3.5/jakarta.annotation-api-1.3.5.jar:/home/meow/.m2/repository/org/glassfish/hk2/osgi-resource-locator/1.0.3/osgi-resource-locator-1.0.3.jar:/home/meow/.m2/repository/com/sun/activation/jakarta.activation/1.2.1/jakarta.activation-1.2.1.jar:/home/meow/.m2/repository/jakarta/ws/rs/jakarta.ws.rs-api/2.1.6/jakarta.ws.rs-api-2.1.6.jar:/home/meow/.m2/repository/org/apache/httpcomponents/httpcore/4.4.13/httpcore-4.4.13.jar:/home/meow/.m2/repository/org/apache/httpcomponents/httpclient/4.5.12/httpclient-4.5.12.jar:/home/meow/.m2/repository/commons-codec/commons-codec/1.11/commons-codec-1.11.jar:/home/meow/.m2/repository/org/glassfish/jersey/core/jersey-client/2.30.1/jersey-client-2.30.1.jar:/home/meow/.m2/repository/org/glassfish/hk2/external/jakarta.inject/2.6.1/jakarta.inject-2.6.1.jar:/home/meow/.m2/repository/org/glassfish/jersey/inject/jersey-hk2/2.30.1/jersey-hk2-2.30.1.jar:/home/meow/.m2/repository/org/glassfish/hk2/hk2-locator/2.6.1/hk2-locator-2.6.1.jar:/home/meow/.m2/repository/org/glassfish/hk2/external/aopalliance-repackaged/2.6.1/aopalliance-repackaged-2.6.1.jar:/home/meow/.m2/repository/org/glassfish/hk2/hk2-api/2.6.1/hk2-api-2.6.1.jar:/home/meow/.m2/repository/org/glassfish/hk2/hk2-utils/2.6.1/hk2-utils-2.6.1.jar:/home/meow/.m2/repository/org/javassist/javassist/3.25.0-GA/javassist-3.25.0-GA.jar:/home/meow/.m2/repository/com/kohlschutter/junixsocket/junixsocket-common/2.3.2/junixsocket-common-2.3.2.jar:/home/meow/.m2/repository/com/kohlschutter/junixsocket/junixsocket-native-common/2.3.2/junixsocket-native-common-2.3.2.jar:/home/meow/.m2/repository/com/github/docker-java/docker-java-transport-netty/3.2.7/docker-java-transport-netty-3.2.7.jar:/home/meow/.m2/repository/io/netty/netty-codec-http/4.1.46.Final/netty-codec-http-4.1.46.Final.jar:/home/meow/.m2/repository/io/netty/netty-common/4.1.46.Final/netty-common-4.1.46.Final.jar:/home/meow/.m2/repository/io/netty/netty-buffer/4.1.46.Final/netty-buffer-4.1.46.Final.jar:/home/meow/.m2/repository/io/netty/netty-transport/4.1.46.Final/netty-transport-4.1.46.Final.jar:/home/meow/.m2/repository/io/netty/netty-codec/4.1.46.Final/netty-codec-4.1.46.Final.jar:/home/meow/.m2/repository/io/netty/netty-handler/4.1.46.Final/netty-handler-4.1.46.Final.jar:/home/meow/.m2/repository/io/netty/netty-resolver/4.1.46.Final/netty-resolver-4.1.46.Final.jar:/home/meow/.m2/repository/io/netty/netty-handler-proxy/4.1.46.Final/netty-handler-proxy-4.1.46.Final.jar:/home/meow/.m2/repository/io/netty/netty-codec-socks/4.1.46.Final/netty-codec-socks-4.1.46.Final.jar:/home/meow/.m2/repository/io/netty/netty-transport-native-epoll/4.1.46.Final/netty-transport-native-epoll-4.1.46.Final-linux-x86_64.jar:/home/meow/.m2/repository/io/netty/netty-transport-native-unix-common/4.1.46.Final/netty-transport-native-unix-common-4.1.46.Final.jar:/home/meow/.m2/repository/io/netty/netty-transport-native-kqueue/4.1.46.Final/netty-transport-native-kqueue-4.1.46.Final-osx-x86_64.jar:/home/meow/.m2/repository/org/slf4j/jcl-over-slf4j/1.7.30/jcl-over-slf4j-1.7.30.jar:/home/meow/.m2/repository/org/awaitility/awaitility/4.0.1/awaitility-4.0.1.jar:/home/meow/.m2/repository/org/hamcrest/hamcrest/2.1/hamcrest-2.1.jar:/home/meow/.m2/repository/org/postgresql/postgresql/42.2.20/postgresql-42.2.20.jar:/home/meow/.m2/repository/org/checkerframework/checker-qual/3.5.0/checker-qual-3.5.0.jar:"/>
    <property name="java.vm.vendor" value="Debian"/>
    <property name="sun.arch.data.model" value="64"/>
    <property name="java.vendor.url" value="https://tracker.debian.org/openjdk-17"/>
    <property name="os.name" value="Linux"/>
    <property name="java.vm.specification.version" value="17"/>
    <property name="sun.java.launcher" value="SUN_STANDARD"/>
    <property name="user.country" value="US"/>
    <property name="sun.boot.library.path" value="/usr/lib/jvm/java-17-openjdk-amd64/lib"/>
    <property name="sun.java.command" value="/gitrepos/uni/courses/java/mtcg/target/surefire/surefirebooter5607551683969184138.jar /gitrepos/uni/courses/java/mtcg/target/surefire 2024-11-25T12-11-05_712-jvmRun1 surefire10494806582716603482tmp surefire_09289336853760658143tmp"/>
    <property name="jdk.debug" value="release"/>
    <property name="surefire.test.class.path" value="/gitrepos/uni/courses/java/mtcg/target/test-classes:/gitrepos/uni/courses/java/mtcg/target/classes:/home/meow/.m2/repository/junit/junit/4.13.2/junit-4.13.2.jar:/home/meow/.m2/repository/org/hamcrest/hamcrest-core/1.3/hamcrest-core-1.3.jar:/home/meow/.m2/repository/org/projectlombok/lombok/1.18.22/lombok-1.18.22.jar:/home/meow/.m2/repository/org/mindrot/jbcrypt/0.4/jbcrypt-0.4.jar:/home/meow/.m2/repository/com/github/docker-java/docker-java/3.2.7/docker-java-3.2.7.jar:/home/meow/.m2/repository/com/github/docker-java/docker-java-core/3.2.7/docker-java-core-3.2.7.jar:/home/meow/.m2/repository/com/github/docker-java/docker-java-api/3.2.7/docker-java-api-3.2.7.jar:/home/meow/.m2/repository/com/fasterxml/jackson/core/jackson-annotations/2.10.3/jackson-annotations-2.10.3.jar:/home/meow/.m2/repository/com/github/docker-java/docker-java-transport/3.2.7/docker-java-transport-3.2.7.jar:/home/meow/.m2/repository/org/slf4j/slf4j-api/1.7.30/slf4j-api-1.7.30.jar:/home/meow/.m2/repository/commons-io/commons-io/2.6/commons-io-2.6.jar:/home/meow/.m2/repository/org/apache/commons/commons-compress/1.20/commons-compress-1.20.jar:/home/meow/.m2/repository/commons-lang/commons-lang/2.6/commons-lang-2.6.jar:/home/meow/.m2/repository/com/fasterxml/jackson/core/jackson-databind/2.10.3/jackson-databind-2.10.3.jar:/home/meow/.m2/repository/com/fasterxml/jackson/core/jackson-core/2.10.3/jackson-core-2.10.3.jar:/home/meow/.m2/repository/com/google/guava/guava/19.0/guava-19.0.jar:/home/meow/.m2/repository/org/bouncycastle/bcpkix-jdk15on/1.64/bcpkix-jdk15on-1.64.jar:/home/meow/.m2/repository/org/bouncycastle/bcprov-jdk15on/1.64/bcprov-jdk15on-1.64.jar:/home/meow/.m2/repository/com/github/docker-java/docker-java-transport-jersey/3.2.7/docker-java-transport-jersey-3.2.7.jar:/home/meow/.m2/repository/com/fasterxml/jackson/jaxrs/jackson-jaxrs-json-provider/2.10.3/jackson-jaxrs-json-provider-2.10.3.jar:/home/meow/.m2/repository/com/fasterxml/jackson/jaxrs/jackson-jaxrs-base/2.10.3/jackson-jaxrs-base-2.10.3.jar:/home/meow/.m2/repository/com/fasterxml/jackson/module/jackson-module-jaxb-annotations/2.10.3/jackson-module-jaxb-annotations-2.10.3.jar:/home/meow/.m2/repository/jakarta/xml/bind/jakarta.xml.bind-api/2.3.2/jakarta.xml.bind-api-2.3.2.jar:/home/meow/.m2/repository/jakarta/activation/jakarta.activation-api/1.2.1/jakarta.activation-api-1.2.1.jar:/home/meow/.m2/repository/org/glassfish/jersey/connectors/jersey-apache-connector/2.30.1/jersey-apache-connector-2.30.1.jar:/home/meow/.m2/repository/org/glassfish/jersey/core/jersey-common/2.30.1/jersey-common-2.30.1.jar:/home/meow/.m2/repository/jakarta/annotation/jakarta.annotation-api/1.3.5/jakarta.annotation-api-1.3.5.jar:/home/meow/.m2/repository/org/glassfish/hk2/osgi-resource-locator/1.0.3/osgi-resource-locator-1.0.3.jar:/home/meow/.m2/repository/com/sun/activation/jakarta.activation/1.2.1/jakarta.activation-1.2.1.jar:/home/meow/.m2/repository/jakarta/ws/rs/jakarta.ws.rs-api/2.1.6/jakarta.ws.rs-api-2.1.6.jar:/home/meow/.m2/repository/org/apache/httpcomponents/httpcore/4.4.13/httpcore-4.4.13.jar:/home/meow/.m2/repository/org/apache/httpcomponents/httpclient/4.5.12/httpclient-4.5.12.jar:/home/meow/.m2/repository/commons-codec/commons-codec/1.11/commons-codec-1.11.jar:/home/meow/.m2/repository/org/glassfish/jersey/core/jersey-client/2.30.1/jersey-client-2.30.1.jar:/home/meow/.m2/repository/org/glassfish/hk2/external/jakarta.inject/2.6.1/jakarta.inject-2.6.1.jar:/home/meow/.m2/repository/org/glassfish/jersey/inject/jersey-hk2/2.30.1/jersey-hk2-2.30.1.jar:/home/meow/.m2/repository/org/glassfish/hk2/hk2-locator/2.6.1/hk2-locator-2.6.1.jar:/home/meow/.m2/repository/org/glassfish/hk2/external/aopalliance-repackaged/2.6.1/aopalliance-repackaged-2.6.1.jar:/home/meow/.m2/repository/org/glassfish/hk2/hk2-api/2.6.1/hk2-api-2.6.1.jar:/home/meow/.m2/repository/org/glassfish/hk2/hk2-utils/2.6.1/hk2-utils-2.6.1.jar:/home/meow/.m2/repository/org/javassist/javassist/3.25.0-GA/javassist-3.25.0-GA.jar:/home/meow/.m2/repository/com/kohlschutter/junixsocket/junixsocket-common/2.3.2/junixsocket-common-2.3.2.jar:/home/meow/.m2/repository/com/kohlschutter/junixsocket/junixsocket-native-common/2.3.2/junixsocket-native-common-2.3.2.jar:/home/meow/.m2/repository/com/github/docker-java/docker-java-transport-netty/3.2.7/docker-java-transport-netty-3.2.7.jar:/home/meow/.m2/repository/io/netty/netty-codec-http/4.1.46.Final/netty-codec-http-4.1.46.Final.jar:/home/meow/.m2/repository/io/netty/netty-common/4.1.46.Final/netty-common-4.1.46.Final.jar:/home/meow/.m2/repository/io/netty/netty-buffer/4.1.46.Final/netty-buffer-4.1.46.Final.jar:/home/meow/.m2/repository/io/netty/netty-transport/4.1.46.Final/netty-transport-4.1.46.Final.jar:/home/meow/.m2/repository/io/netty/netty-codec/4.1.46.Final/netty-codec-4.1.46.Final.jar:/home/meow/.m2/repository/io/netty/netty-handler/4.1.46.Final/netty-handler-4.1.46.Final.jar:/home/meow/.m2/repository/io/netty/netty-resolver/4.1.46.Final/netty-resolver-4.1.46.Final.jar:/home/meow/.m2/repository/io/netty/netty-handler-proxy/4.1.46.Final/netty-handler-proxy-4.1.46.Final.jar:/home/meow/.m2/repository/io/netty/netty-codec-socks/4.1.46.Final/netty-codec-socks-4.1.46.Final.jar:/home/meow/.m2/repository/io/netty/netty-transport-native-epoll/4.1.46.Final/netty-transport-native-epoll-4.1.46.Final-linux-x86_64.jar:/home/meow/.m2/repository/io/netty/netty-transport-native-unix-common/4.1.46.Final/netty-transport-native-unix-common-4.1.46.Final.jar:/home/meow/.m2/repository/io/netty/netty-transport-native-kqueue/4.1.46.Final/netty-transport-native-kqueue-4.1.46.Final-osx-x86_64.jar:/home/meow/.m2/repository/org/slf4j/jcl-over-slf4j/1.7.30/jcl-over-slf4j-1.7.30.jar:/home/meow/.m2/repository/org/awaitility/awaitility/4.0.1/awaitility-4.0.1.jar:/home/meow/.m2/repository/org/hamcrest/hamcrest/2.1/hamcrest-2.1.jar:/home/meow/.m2/repository/org/postgresql/postgresql/42.2.20/postgresql-42.2.20.jar:/home/meow/.m2/repository/org/checkerframework/checker-qual/3.5.0/checker-qual-3.5.0.jar:"/>
    <property name="sun.cpu.endian" value="little"/>
    <property name="user.home" value="/home/meow"/>
    <property name="user.language" value="en"/>
    <property name="java.specification.vendor" value="Oracle Corporation"/>
    <property name="java.version.date" value="2024-10-15"/>
    <property name="java.home" value="/usr/lib/jvm/java-17-openjdk-amd64"/>
    <property name="file.separator" value="/"/>
    <property name="basedir" value="/gitrepos/uni/courses/java/mtcg"/>
    <property name="java.vm.compressedOopsMode" value="Zero based"/>
    <property name="line.separator" value="&#10;"/>
    <property name="java.vm.specification.vendor" value="Oracle Corporation"/>
    <property name="java.specification.name" value="Java Platform API Specification"/>
    <property name="surefire.real.class.path" value="/gitrepos/uni/courses/java/mtcg/target/surefire/surefirebooter5607551683969184138.jar"/>
    <property name="sun.management.compiler" value="HotSpot 64-Bit Tiered Compilers"/>
    <property name="java.runtime.version" value="17.0.13+11-Debian-2deb12u1"/>
    <property name="user.name" value="meow"/>
    <property name="path.separator" value=":"/>
    <property name="os.version" value="6.1.0-27-amd64"/>
    <property name="java.runtime.name" value="OpenJDK Runtime Environment"/>
    <property name="file.encoding" value="UTF-8"/>
    <property name="java.vm.name" value="OpenJDK 64-Bit Server VM"/>
    <property name="localRepository" value="/home/meow/.m2/repository"/>
    <property name="java.vendor.url.bug" value="https://bugs.debian.org/openjdk-17"/>
    <property name="java.io.tmpdir" value="/tmp"/>
    <property name="java.version" value="17.0.13"/>
    <property name="user.dir" value="/gitrepos/uni/courses/java/mtcg"/>
    <property name="os.arch" value="amd64"/>
    <property name="java.vm.specification.name" value="Java Virtual Machine Specification"/>
    <property name="native.encoding" value="UTF-8"/>
    <property name="java.library.path" value="/usr/java/packages/lib:/usr/lib/x86_64-linux-gnu/jni:/lib/x86_64-linux-gnu:/usr/lib/x86_64-linux-gnu:/usr/lib/jni:/lib:/usr/lib"/>
    <property name="java.vm.info" value="mixed mode, sharing"/>
    <property name="java.vendor" value="Debian"/>
    <property name="java.vm.version" value="17.0.13+11-Debian-2deb12u1"/>
    <property name="java.specification.maintenance.version" value="1"/>
    <property name="sun.io.unicode.encoding" value="UnicodeLittle"/>
    <property name="java.class.version" value="61.0"/>
  </properties>
  <testcase name="shouldAnswerWithTrue" classname="uni.local.AppTest" time="0.001"/>
</testsuite>